<?xml version="1.0" encoding="UTF-8"?>
<coverage generated="1760552810500" clover="3.2.0">
  <project timestamp="1760552810500" name="All files">
    <metrics statements="35" coveredstatements="30" conditionals="27" coveredconditionals="26" methods="7" coveredmethods="6" elements="69" coveredelements="62" complexity="0" loc="35" ncloc="35" packages="3" files="4" classes="4"/>
    <package name="src">
      <metrics statements="4" coveredstatements="0" conditionals="0" coveredconditionals="0" methods="1" coveredmethods="0"/>
      <file name="App.tsx" path="">
        <metrics statements="1" coveredstatements="0" conditionals="0" coveredconditionals="0" methods="1" coveredmethods="0"/>
        <line num="6" count="0" type="stmt"/>
      </file>
      <file name="index.tsx" path="">
        <metrics statements="3" coveredstatements="0" conditionals="0" coveredconditionals="0" methods="0" coveredmethods="0"/>
        <line num="7" count="0" type="stmt"/>
        <line num="10" count="0" type="stmt"/>
        <line num="19" count="0" type="stmt"/>
      </file>
    </package>
    <package name="src.logic">
      <metrics statements="31" coveredstatements="30" conditionals="27" coveredconditionals="26" methods="6" coveredmethods="6"/>
      <file name="TradingEngine.ts" path="">
        <metrics statements="31" coveredstatements="30" conditionals="27" coveredconditionals="26" methods="6" coveredmethods="6"/>
        <line num="31" count="12" type="cond" truecount="2" falsecount="0"/>
        <line num="33" count="1" type="stmt"/>
        <line num="37" count="11" type="cond" truecount="2" falsecount="0"/>
        <line num="39" count="1" type="stmt"/>
        <line num="45" count="10" type="cond" truecount="2" falsecount="0"/>
        <line num="47" count="5" type="stmt"/>
        <line num="50" count="5" type="cond" truecount="1" falsecount="1"/>
        <line num="52" count="5" type="stmt"/>
        <line num="57" count="0" type="stmt"/>
        <line num="70" count="5" type="cond" truecount="2" falsecount="0"/>
        <line num="72" count="2" type="stmt"/>
        <line num="76" count="3" type="cond" truecount="2" falsecount="0"/>
        <line num="78" count="1" type="stmt"/>
        <line num="82" count="2" type="stmt"/>
        <line num="93" count="5" type="cond" truecount="2" falsecount="0"/>
        <line num="95" count="1" type="stmt"/>
        <line num="99" count="4" type="cond" truecount="2" falsecount="0"/>
        <line num="101" count="1" type="stmt"/>
        <line num="105" count="3" type="cond" truecount="4" falsecount="0"/>
        <line num="107" count="1" type="stmt"/>
        <line num="111" count="2" type="stmt"/>
        <line num="126" count="3" type="stmt"/>
        <line num="135" count="3" type="cond" truecount="2" falsecount="0"/>
        <line num="136" count="1" type="stmt"/>
        <line num="140" count="2" type="stmt"/>
        <line num="151" count="2" type="stmt"/>
        <line num="163" count="7" type="stmt"/>
        <line num="164" count="7" type="stmt"/>
        <line num="165" count="7" type="stmt"/>
        <line num="167" count="7" type="cond" truecount="2" falsecount="0"/>
        <line num="172" count="2" type="stmt"/>
      </file>
    </package>
    <package name="src.types">
      <metrics statements="0" coveredstatements="0" conditionals="0" coveredconditionals="0" methods="0" coveredmethods="0"/>
      <file name="types.ts" path="">
        <metrics statements="0" coveredstatements="0" conditionals="0" coveredconditionals="0" methods="0" coveredmethods="0"/>
      </file>
    </package>
  </project>
</coverage>
